
Showing logs for build [32mcb-kubecd-environment-pr-177-58-brsbq-1[0m stage [32mfrom-build-pack[0m and container [32mstep-credential-initializer-xknf6[0m
{"level":"warn","ts":1583653715.101746,"logger":"fallback-logger","caller":"logging/config.go:69","msg":"Fetch GitHub commit ID from kodata failed: \"ref: refs/heads/0.8.0-**-support-backwards-incompats\" is not a valid GitHub commit ID"}
{"level":"info","ts":1583653715.1025403,"logger":"fallback-logger","caller":"creds-init/main.go:40","msg":"Credentials initialized."}

Showing logs for build [32mcb-kubecd-environment-pr-177-58-brsbq-1[0m stage [32mfrom-build-pack[0m and container [32mstep-working-dir-initializer-ngtvr[0m
{"level":"warn","ts":1583653716.3341956,"logger":"fallback-logger","caller":"logging/config.go:69","msg":"Fetch GitHub commit ID from kodata failed: open /var/run/ko/HEAD: no such file or directory"}
{"level":"info","ts":1583653716.3414423,"logger":"fallback-logger","caller":"bash/main.go:64","msg":"Successfully executed command \"sh -c mkdir -p /workspace/source\"; output "}

Showing logs for build [32mcb-kubecd-environment-pr-177-58-brsbq-1[0m stage [32mfrom-build-pack[0m and container [32mstep-place-tools[0m

Showing logs for build [32mcb-kubecd-environment-pr-177-58-brsbq-1[0m stage [32mfrom-build-pack[0m and container [32mstep-git-source-cb-kubecd-environment-pr-177-58-brsbq-j2x8k[0m
{"level":"warn","ts":1583653722.5280275,"logger":"fallback-logger","caller":"logging/config.go:69","msg":"Fetch GitHub commit ID from kodata failed: \"ref: refs/heads/0.8.0-**-support-backwards-incompats\" is not a valid GitHub commit ID"}
{"level":"info","ts":1583653723.6071842,"logger":"fallback-logger","caller":"git/git.go:103","msg":"Successfully cloned https://github.com/cb-kubecd/environment-pr-177-58-boot-vault-gke-staging.git @ master in path /workspace/source"}

Showing logs for build [32mcb-kubecd-environment-pr-177-58-brsbq-1[0m stage [32mfrom-build-pack[0m and container [32mstep-git-merge[0m
Using SHAs from PULL_REFS=master:be572786c5f5979216aff61a8b6f6d7ab47f7070,4:cb8fd81ea0a962d2ac149de5ab02d693413ad0a8
DEBUG: LC_ALL=C JX_LOG_LEVEL=error git fetch origin --unshallow cb8fd81ea0a962d2ac149de5ab02d693413ad0a8: be572786c5f5979216aff61a8b6f6d7ab47f7070:
DEBUG: ran git fetch --unshallow origin cb8fd81ea0a962d2ac149de5ab02d693413ad0a8: be572786c5f5979216aff61a8b6f6d7ab47f7070: in 
DEBUG: LC_ALL=C JX_LOG_LEVEL=error git branch
DEBUG: LC_ALL=C JX_LOG_LEVEL=error git checkout master
DEBUG: ran git checkout master in 
DEBUG: JX_LOG_LEVEL=error LC_ALL=C git reset --hard be572786c5f5979216aff61a8b6f6d7ab47f7070
DEBUG: ran git reset --hard be572786c5f5979216aff61a8b6f6d7ab47f7070 in 
DEBUG: LC_ALL=C JX_LOG_LEVEL=error git clean -fd .
DEBUG: ran clean --force -d . in 
DEBUG: LC_ALL=C JX_LOG_LEVEL=error git merge cb8fd81ea0a962d2ac149de5ab02d693413ad0a8
DEBUG: ran git merge cb8fd81ea0a962d2ac149de5ab02d693413ad0a8 in 
DEBUG: LC_ALL=C JX_LOG_LEVEL=error git log --format=%H%x1f%an%x1f%ae%x1f%cn%x1f%ce%x1f%s%n%b%x1e be572786c5f5979216aff61a8b6f6d7ab47f7070..HEAD
Merged SHA cb8fd81ea0a962d2ac149de5ab02d693413ad0a8 with commit message 'chore: Promote bdd-nh-1583651379 to version 0.0.1' into base branch master

Showing logs for build [32mcb-kubecd-environment-pr-177-58-brsbq-1[0m stage [32mfrom-build-pack[0m and container [32mstep-build-helm-build[0m
WARNING: No $CHART_REPOSITORY defined so using the default value of: http://jenkins-x-chartmuseum:8080
Adding missing Helm repo: storage.googleapis.com https://storage.googleapis.com/chartmuseum.jenkins-x.io
WARNING: No secrets found on "helm/repos" due: reading the secret "helm/repos" from vault: no secret "helm/repos" not found in vault
Read credentials for https://storage.googleapis.com/chartmuseum.jenkins-x.io from vault helm/repos
Successfully added Helm repository storage.googleapis.com.
Adding missing Helm repo: jenkins-x-chartmuseum http://jenkins-x-chartmuseum:8080
WARNING: No secrets found on "helm/repos" due: reading the secret "helm/repos" from vault: no secret "helm/repos" not found in vault
Read credentials for http://jenkins-x-chartmuseum:8080 from vault helm/repos
Successfully added Helm repository jenkins-x-chartmuseum.
WARNING: No $CHART_REPOSITORY defined so using the default value of: http://jenkins-x-chartmuseum:8080
Adding missing Helm repo: chartmuseum.jenkins-x.io http://chartmuseum.jenkins-x.io
WARNING: No secrets found on "helm/repos" due: reading the secret "helm/repos" from vault: no secret "helm/repos" not found in vault
Read credentials for http://chartmuseum.jenkins-x.io from vault helm/repos
Successfully added Helm repository chartmuseum.jenkins-x.io.
